2022-05-25T09:00:33+00:00 CRITICAL Uncaught TypeError: call_user_func_array(): Argument #1 ($function) must be a valid callback, function "misha_add_to_cart_fragment" not found or invalid function name in E:\xampp\htdocs\shogunashwp\wp-includes\class-wp-hook.php:307
Stack trace:
#0 E:\xampp\htdocs\shogunashwp\wp-includes\plugin.php(189): WP_Hook->apply_filters(Array, Array)
#1 E:\xampp\htdocs\shogunashwp\wp-content\plugins\woocommerce\includes\class-wc-ajax.php(191): apply_filters('woocommerce_add...', Array)
#2 E:\xampp\htdocs\shogunashwp\wp-includes\class-wp-hook.php(307): WC_AJAX::get_refreshed_fragments('')
#3 E:\xampp\htdocs\shogunashwp\wp-includes\class-wp-hook.php(331): WP_Hook->apply_filters('', Array)
#4 E:\xampp\htdocs\shogunashwp\wp-includes\plugin.php(474): WP_Hook->do_action(Array)
#5 E:\xampp\htdocs\shogunashwp\wp-content\plugins\woocommerce\includes\class-wc-ajax.php(90): do_action('wc_ajax_get_ref...')
#6 E:\xampp\htdocs\shogunashwp\wp-includes\class-wp-hook.php(307): WC_AJAX::do_wc_ajax('')
#7 E:\xampp\htdocs\shogunashwp\wp-includes\class-wp-hook.php(331): WP_Hook->apply_filters(false, Array)
#8 E:\xampp\htdocs\shogunashwp\wp-includes\plugin.php(474): WP_Hook->do_action(Array)
#9 E:\xampp\htdocs\shogunashwp\wp-includes\template-loader.php(13): do_action('template_redire...')
#10 E:\xampp\htdocs\shogunashwp\wp-blog-header.php(19): require_once('E:\\xampp\\htdocs...')
#11 E:\xampp\htdocs\shogunashwp\index.php(17): require('E:\\xampp\\htdocs...')
#12 {main}
  thrown in E:\xampp\htdocs\shogunashwp\wp-includes\class-wp-hook.php on line 307

2022-05-25T09:36:26+00:00 CRITICAL Uncaught TypeError: call_user_func_array(): Argument #1 ($function) must be a valid callback, function "misha_add_to_cart_fragment" not found or invalid function name in E:\xampp\htdocs\shogunashwp\wp-includes\class-wp-hook.php:307
Stack trace:
#0 E:\xampp\htdocs\shogunashwp\wp-includes\plugin.php(191): WP_Hook->apply_filters(Array, Array)
#1 E:\xampp\htdocs\shogunashwp\wp-content\plugins\woocommerce\includes\class-wc-ajax.php(191): apply_filters('woocommerce_add...', Array)
#2 E:\xampp\htdocs\shogunashwp\wp-includes\class-wp-hook.php(307): WC_AJAX::get_refreshed_fragments('')
#3 E:\xampp\htdocs\shogunashwp\wp-includes\class-wp-hook.php(331): WP_Hook->apply_filters('', Array)
#4 E:\xampp\htdocs\shogunashwp\wp-includes\plugin.php(476): WP_Hook->do_action(Array)
#5 E:\xampp\htdocs\shogunashwp\wp-content\plugins\woocommerce\includes\class-wc-ajax.php(90): do_action('wc_ajax_get_ref...')
#6 E:\xampp\htdocs\shogunashwp\wp-includes\class-wp-hook.php(307): WC_AJAX::do_wc_ajax('')
#7 E:\xampp\htdocs\shogunashwp\wp-includes\class-wp-hook.php(331): WP_Hook->apply_filters(false, Array)
#8 E:\xampp\htdocs\shogunashwp\wp-includes\plugin.php(476): WP_Hook->do_action(Array)
#9 E:\xampp\htdocs\shogunashwp\wp-includes\template-loader.php(13): do_action('template_redire...')
#10 E:\xampp\htdocs\shogunashwp\wp-blog-header.php(19): require_once('E:\\xampp\\htdocs...')
#11 E:\xampp\htdocs\shogunashwp\index.php(17): require('E:\\xampp\\htdocs...')
#12 {main}
  thrown in E:\xampp\htdocs\shogunashwp\wp-includes\class-wp-hook.php on line 307

2022-05-25T09:36:32+00:00 CRITICAL Uncaught TypeError: call_user_func_array(): Argument #1 ($function) must be a valid callback, function "misha_add_to_cart_fragment" not found or invalid function name in E:\xampp\htdocs\shogunashwp\wp-includes\class-wp-hook.php:307
Stack trace:
#0 E:\xampp\htdocs\shogunashwp\wp-includes\plugin.php(191): WP_Hook->apply_filters(Array, Array)
#1 E:\xampp\htdocs\shogunashwp\wp-content\plugins\woocommerce\includes\class-wc-ajax.php(191): apply_filters('woocommerce_add...', Array)
#2 E:\xampp\htdocs\shogunashwp\wp-includes\class-wp-hook.php(307): WC_AJAX::get_refreshed_fragments('')
#3 E:\xampp\htdocs\shogunashwp\wp-includes\class-wp-hook.php(331): WP_Hook->apply_filters('', Array)
#4 E:\xampp\htdocs\shogunashwp\wp-includes\plugin.php(476): WP_Hook->do_action(Array)
#5 E:\xampp\htdocs\shogunashwp\wp-content\plugins\woocommerce\includes\class-wc-ajax.php(90): do_action('wc_ajax_get_ref...')
#6 E:\xampp\htdocs\shogunashwp\wp-includes\class-wp-hook.php(307): WC_AJAX::do_wc_ajax('')
#7 E:\xampp\htdocs\shogunashwp\wp-includes\class-wp-hook.php(331): WP_Hook->apply_filters(false, Array)
#8 E:\xampp\htdocs\shogunashwp\wp-includes\plugin.php(476): WP_Hook->do_action(Array)
#9 E:\xampp\htdocs\shogunashwp\wp-includes\template-loader.php(13): do_action('template_redire...')
#10 E:\xampp\htdocs\shogunashwp\wp-blog-header.php(19): require_once('E:\\xampp\\htdocs...')
#11 E:\xampp\htdocs\shogunashwp\index.php(17): require('E:\\xampp\\htdocs...')
#12 {main}
  thrown in E:\xampp\htdocs\shogunashwp\wp-includes\class-wp-hook.php on line 307

2022-05-25T09:41:44+00:00 CRITICAL Uncaught TypeError: call_user_func_array(): Argument #1 ($function) must be a valid callback, function "misha_add_to_cart_fragment" not found or invalid function name in E:\xampp\htdocs\shogunashwp\wp-includes\class-wp-hook.php:307
Stack trace:
#0 E:\xampp\htdocs\shogunashwp\wp-includes\plugin.php(191): WP_Hook->apply_filters(Array, Array)
#1 E:\xampp\htdocs\shogunashwp\wp-content\plugins\woocommerce\includes\class-wc-ajax.php(191): apply_filters('woocommerce_add...', Array)
#2 E:\xampp\htdocs\shogunashwp\wp-includes\class-wp-hook.php(307): WC_AJAX::get_refreshed_fragments('')
#3 E:\xampp\htdocs\shogunashwp\wp-includes\class-wp-hook.php(331): WP_Hook->apply_filters('', Array)
#4 E:\xampp\htdocs\shogunashwp\wp-includes\plugin.php(476): WP_Hook->do_action(Array)
#5 E:\xampp\htdocs\shogunashwp\wp-content\plugins\woocommerce\includes\class-wc-ajax.php(90): do_action('wc_ajax_get_ref...')
#6 E:\xampp\htdocs\shogunashwp\wp-includes\class-wp-hook.php(307): WC_AJAX::do_wc_ajax('')
#7 E:\xampp\htdocs\shogunashwp\wp-includes\class-wp-hook.php(331): WP_Hook->apply_filters(false, Array)
#8 E:\xampp\htdocs\shogunashwp\wp-includes\plugin.php(476): WP_Hook->do_action(Array)
#9 E:\xampp\htdocs\shogunashwp\wp-includes\template-loader.php(13): do_action('template_redire...')
#10 E:\xampp\htdocs\shogunashwp\wp-blog-header.php(19): require_once('E:\\xampp\\htdocs...')
#11 E:\xampp\htdocs\shogunashwp\index.php(17): require('E:\\xampp\\htdocs...')
#12 {main}
  thrown in E:\xampp\htdocs\shogunashwp\wp-includes\class-wp-hook.php on line 307

2022-05-25T09:42:22+00:00 CRITICAL Uncaught TypeError: call_user_func_array(): Argument #1 ($function) must be a valid callback, function "misha_add_to_cart_fragment" not found or invalid function name in E:\xampp\htdocs\shogunashwp\wp-includes\class-wp-hook.php:307
Stack trace:
#0 E:\xampp\htdocs\shogunashwp\wp-includes\plugin.php(191): WP_Hook->apply_filters(Array, Array)
#1 E:\xampp\htdocs\shogunashwp\wp-content\plugins\woocommerce\includes\class-wc-ajax.php(191): apply_filters('woocommerce_add...', Array)
#2 E:\xampp\htdocs\shogunashwp\wp-includes\class-wp-hook.php(307): WC_AJAX::get_refreshed_fragments('')
#3 E:\xampp\htdocs\shogunashwp\wp-includes\class-wp-hook.php(331): WP_Hook->apply_filters('', Array)
#4 E:\xampp\htdocs\shogunashwp\wp-includes\plugin.php(476): WP_Hook->do_action(Array)
#5 E:\xampp\htdocs\shogunashwp\wp-content\plugins\woocommerce\includes\class-wc-ajax.php(90): do_action('wc_ajax_get_ref...')
#6 E:\xampp\htdocs\shogunashwp\wp-includes\class-wp-hook.php(307): WC_AJAX::do_wc_ajax('')
#7 E:\xampp\htdocs\shogunashwp\wp-includes\class-wp-hook.php(331): WP_Hook->apply_filters(false, Array)
#8 E:\xampp\htdocs\shogunashwp\wp-includes\plugin.php(476): WP_Hook->do_action(Array)
#9 E:\xampp\htdocs\shogunashwp\wp-includes\template-loader.php(13): do_action('template_redire...')
#10 E:\xampp\htdocs\shogunashwp\wp-blog-header.php(19): require_once('E:\\xampp\\htdocs...')
#11 E:\xampp\htdocs\shogunashwp\index.php(17): require('E:\\xampp\\htdocs...')
#12 {main}
  thrown in E:\xampp\htdocs\shogunashwp\wp-includes\class-wp-hook.php on line 307

2022-05-25T09:45:28+00:00 CRITICAL Uncaught TypeError: call_user_func_array(): Argument #1 ($function) must be a valid callback, function "misha_add_to_cart_fragment" not found or invalid function name in E:\xampp\htdocs\shogunashwp\wp-includes\class-wp-hook.php:307
Stack trace:
#0 E:\xampp\htdocs\shogunashwp\wp-includes\plugin.php(191): WP_Hook->apply_filters(Array, Array)
#1 E:\xampp\htdocs\shogunashwp\wp-content\plugins\woocommerce\includes\class-wc-ajax.php(191): apply_filters('woocommerce_add...', Array)
#2 E:\xampp\htdocs\shogunashwp\wp-includes\class-wp-hook.php(307): WC_AJAX::get_refreshed_fragments('')
#3 E:\xampp\htdocs\shogunashwp\wp-includes\class-wp-hook.php(331): WP_Hook->apply_filters('', Array)
#4 E:\xampp\htdocs\shogunashwp\wp-includes\plugin.php(476): WP_Hook->do_action(Array)
#5 E:\xampp\htdocs\shogunashwp\wp-content\plugins\woocommerce\includes\class-wc-ajax.php(90): do_action('wc_ajax_get_ref...')
#6 E:\xampp\htdocs\shogunashwp\wp-includes\class-wp-hook.php(307): WC_AJAX::do_wc_ajax('')
#7 E:\xampp\htdocs\shogunashwp\wp-includes\class-wp-hook.php(331): WP_Hook->apply_filters(false, Array)
#8 E:\xampp\htdocs\shogunashwp\wp-includes\plugin.php(476): WP_Hook->do_action(Array)
#9 E:\xampp\htdocs\shogunashwp\wp-includes\template-loader.php(13): do_action('template_redire...')
#10 E:\xampp\htdocs\shogunashwp\wp-blog-header.php(19): require_once('E:\\xampp\\htdocs...')
#11 E:\xampp\htdocs\shogunashwp\index.php(17): require('E:\\xampp\\htdocs...')
#12 {main}
  thrown in E:\xampp\htdocs\shogunashwp\wp-includes\class-wp-hook.php on line 307

2022-05-25T09:46:41+00:00 CRITICAL Uncaught TypeError: call_user_func_array(): Argument #1 ($function) must be a valid callback, function "misha_add_to_cart_fragment" not found or invalid function name in E:\xampp\htdocs\shogunashwp\wp-includes\class-wp-hook.php:307
Stack trace:
#0 E:\xampp\htdocs\shogunashwp\wp-includes\plugin.php(191): WP_Hook->apply_filters(Array, Array)
#1 E:\xampp\htdocs\shogunashwp\wp-content\plugins\woocommerce\includes\class-wc-ajax.php(191): apply_filters('woocommerce_add...', Array)
#2 E:\xampp\htdocs\shogunashwp\wp-includes\class-wp-hook.php(307): WC_AJAX::get_refreshed_fragments('')
#3 E:\xampp\htdocs\shogunashwp\wp-includes\class-wp-hook.php(331): WP_Hook->apply_filters('', Array)
#4 E:\xampp\htdocs\shogunashwp\wp-includes\plugin.php(476): WP_Hook->do_action(Array)
#5 E:\xampp\htdocs\shogunashwp\wp-content\plugins\woocommerce\includes\class-wc-ajax.php(90): do_action('wc_ajax_get_ref...')
#6 E:\xampp\htdocs\shogunashwp\wp-includes\class-wp-hook.php(307): WC_AJAX::do_wc_ajax('')
#7 E:\xampp\htdocs\shogunashwp\wp-includes\class-wp-hook.php(331): WP_Hook->apply_filters(false, Array)
#8 E:\xampp\htdocs\shogunashwp\wp-includes\plugin.php(476): WP_Hook->do_action(Array)
#9 E:\xampp\htdocs\shogunashwp\wp-includes\template-loader.php(13): do_action('template_redire...')
#10 E:\xampp\htdocs\shogunashwp\wp-blog-header.php(19): require_once('E:\\xampp\\htdocs...')
#11 E:\xampp\htdocs\shogunashwp\index.php(17): require('E:\\xampp\\htdocs...')
#12 {main}
  thrown in E:\xampp\htdocs\shogunashwp\wp-includes\class-wp-hook.php on line 307

2022-05-25T09:47:12+00:00 CRITICAL Uncaught TypeError: call_user_func_array(): Argument #1 ($function) must be a valid callback, function "misha_add_to_cart_fragment" not found or invalid function name in E:\xampp\htdocs\shogunashwp\wp-includes\class-wp-hook.php:307
Stack trace:
#0 E:\xampp\htdocs\shogunashwp\wp-includes\plugin.php(191): WP_Hook->apply_filters(Array, Array)
#1 E:\xampp\htdocs\shogunashwp\wp-content\plugins\woocommerce\includes\class-wc-ajax.php(191): apply_filters('woocommerce_add...', Array)
#2 E:\xampp\htdocs\shogunashwp\wp-includes\class-wp-hook.php(307): WC_AJAX::get_refreshed_fragments('')
#3 E:\xampp\htdocs\shogunashwp\wp-includes\class-wp-hook.php(331): WP_Hook->apply_filters('', Array)
#4 E:\xampp\htdocs\shogunashwp\wp-includes\plugin.php(476): WP_Hook->do_action(Array)
#5 E:\xampp\htdocs\shogunashwp\wp-content\plugins\woocommerce\includes\class-wc-ajax.php(90): do_action('wc_ajax_get_ref...')
#6 E:\xampp\htdocs\shogunashwp\wp-includes\class-wp-hook.php(307): WC_AJAX::do_wc_ajax('')
#7 E:\xampp\htdocs\shogunashwp\wp-includes\class-wp-hook.php(331): WP_Hook->apply_filters(false, Array)
#8 E:\xampp\htdocs\shogunashwp\wp-includes\plugin.php(476): WP_Hook->do_action(Array)
#9 E:\xampp\htdocs\shogunashwp\wp-includes\template-loader.php(13): do_action('template_redire...')
#10 E:\xampp\htdocs\shogunashwp\wp-blog-header.php(19): require_once('E:\\xampp\\htdocs...')
#11 E:\xampp\htdocs\shogunashwp\index.php(17): require('E:\\xampp\\htdocs...')
#12 {main}
  thrown in E:\xampp\htdocs\shogunashwp\wp-includes\class-wp-hook.php on line 307

2022-05-25T09:47:55+00:00 CRITICAL Uncaught TypeError: call_user_func_array(): Argument #1 ($function) must be a valid callback, function "misha_add_to_cart_fragment" not found or invalid function name in E:\xampp\htdocs\shogunashwp\wp-includes\class-wp-hook.php:307
Stack trace:
#0 E:\xampp\htdocs\shogunashwp\wp-includes\plugin.php(191): WP_Hook->apply_filters(Array, Array)
#1 E:\xampp\htdocs\shogunashwp\wp-content\plugins\woocommerce\includes\class-wc-ajax.php(191): apply_filters('woocommerce_add...', Array)
#2 E:\xampp\htdocs\shogunashwp\wp-includes\class-wp-hook.php(307): WC_AJAX::get_refreshed_fragments('')
#3 E:\xampp\htdocs\shogunashwp\wp-includes\class-wp-hook.php(331): WP_Hook->apply_filters('', Array)
#4 E:\xampp\htdocs\shogunashwp\wp-includes\plugin.php(476): WP_Hook->do_action(Array)
#5 E:\xampp\htdocs\shogunashwp\wp-content\plugins\woocommerce\includes\class-wc-ajax.php(90): do_action('wc_ajax_get_ref...')
#6 E:\xampp\htdocs\shogunashwp\wp-includes\class-wp-hook.php(307): WC_AJAX::do_wc_ajax('')
#7 E:\xampp\htdocs\shogunashwp\wp-includes\class-wp-hook.php(331): WP_Hook->apply_filters(false, Array)
#8 E:\xampp\htdocs\shogunashwp\wp-includes\plugin.php(476): WP_Hook->do_action(Array)
#9 E:\xampp\htdocs\shogunashwp\wp-includes\template-loader.php(13): do_action('template_redire...')
#10 E:\xampp\htdocs\shogunashwp\wp-blog-header.php(19): require_once('E:\\xampp\\htdocs...')
#11 E:\xampp\htdocs\shogunashwp\index.php(17): require('E:\\xampp\\htdocs...')
#12 {main}
  thrown in E:\xampp\htdocs\shogunashwp\wp-includes\class-wp-hook.php on line 307

2022-05-25T09:48:07+00:00 CRITICAL Uncaught TypeError: call_user_func_array(): Argument #1 ($function) must be a valid callback, function "misha_add_to_cart_fragment" not found or invalid function name in E:\xampp\htdocs\shogunashwp\wp-includes\class-wp-hook.php:307
Stack trace:
#0 E:\xampp\htdocs\shogunashwp\wp-includes\plugin.php(191): WP_Hook->apply_filters(Array, Array)
#1 E:\xampp\htdocs\shogunashwp\wp-content\plugins\woocommerce\includes\class-wc-ajax.php(191): apply_filters('woocommerce_add...', Array)
#2 E:\xampp\htdocs\shogunashwp\wp-includes\class-wp-hook.php(307): WC_AJAX::get_refreshed_fragments('')
#3 E:\xampp\htdocs\shogunashwp\wp-includes\class-wp-hook.php(331): WP_Hook->apply_filters('', Array)
#4 E:\xampp\htdocs\shogunashwp\wp-includes\plugin.php(476): WP_Hook->do_action(Array)
#5 E:\xampp\htdocs\shogunashwp\wp-content\plugins\woocommerce\includes\class-wc-ajax.php(90): do_action('wc_ajax_get_ref...')
#6 E:\xampp\htdocs\shogunashwp\wp-includes\class-wp-hook.php(307): WC_AJAX::do_wc_ajax('')
#7 E:\xampp\htdocs\shogunashwp\wp-includes\class-wp-hook.php(331): WP_Hook->apply_filters(false, Array)
#8 E:\xampp\htdocs\shogunashwp\wp-includes\plugin.php(476): WP_Hook->do_action(Array)
#9 E:\xampp\htdocs\shogunashwp\wp-includes\template-loader.php(13): do_action('template_redire...')
#10 E:\xampp\htdocs\shogunashwp\wp-blog-header.php(19): require_once('E:\\xampp\\htdocs...')
#11 E:\xampp\htdocs\shogunashwp\index.php(17): require('E:\\xampp\\htdocs...')
#12 {main}
  thrown in E:\xampp\htdocs\shogunashwp\wp-includes\class-wp-hook.php on line 307

2022-05-25T09:49:02+00:00 CRITICAL Uncaught TypeError: call_user_func_array(): Argument #1 ($function) must be a valid callback, function "misha_add_to_cart_fragment" not found or invalid function name in E:\xampp\htdocs\shogunashwp\wp-includes\class-wp-hook.php:307
Stack trace:
#0 E:\xampp\htdocs\shogunashwp\wp-includes\plugin.php(191): WP_Hook->apply_filters(Array, Array)
#1 E:\xampp\htdocs\shogunashwp\wp-content\plugins\woocommerce\includes\class-wc-ajax.php(191): apply_filters('woocommerce_add...', Array)
#2 E:\xampp\htdocs\shogunashwp\wp-includes\class-wp-hook.php(307): WC_AJAX::get_refreshed_fragments('')
#3 E:\xampp\htdocs\shogunashwp\wp-includes\class-wp-hook.php(331): WP_Hook->apply_filters('', Array)
#4 E:\xampp\htdocs\shogunashwp\wp-includes\plugin.php(476): WP_Hook->do_action(Array)
#5 E:\xampp\htdocs\shogunashwp\wp-content\plugins\woocommerce\includes\class-wc-ajax.php(90): do_action('wc_ajax_get_ref...')
#6 E:\xampp\htdocs\shogunashwp\wp-includes\class-wp-hook.php(307): WC_AJAX::do_wc_ajax('')
#7 E:\xampp\htdocs\shogunashwp\wp-includes\class-wp-hook.php(331): WP_Hook->apply_filters(false, Array)
#8 E:\xampp\htdocs\shogunashwp\wp-includes\plugin.php(476): WP_Hook->do_action(Array)
#9 E:\xampp\htdocs\shogunashwp\wp-includes\template-loader.php(13): do_action('template_redire...')
#10 E:\xampp\htdocs\shogunashwp\wp-blog-header.php(19): require_once('E:\\xampp\\htdocs...')
#11 E:\xampp\htdocs\shogunashwp\index.php(17): require('E:\\xampp\\htdocs...')
#12 {main}
  thrown in E:\xampp\htdocs\shogunashwp\wp-includes\class-wp-hook.php on line 307

2022-05-25T09:49:56+00:00 CRITICAL Uncaught TypeError: call_user_func_array(): Argument #1 ($function) must be a valid callback, function "misha_add_to_cart_fragment" not found or invalid function name in E:\xampp\htdocs\shogunashwp\wp-includes\class-wp-hook.php:307
Stack trace:
#0 E:\xampp\htdocs\shogunashwp\wp-includes\plugin.php(191): WP_Hook->apply_filters(Array, Array)
#1 E:\xampp\htdocs\shogunashwp\wp-content\plugins\woocommerce\includes\class-wc-ajax.php(191): apply_filters('woocommerce_add...', Array)
#2 E:\xampp\htdocs\shogunashwp\wp-includes\class-wp-hook.php(307): WC_AJAX::get_refreshed_fragments('')
#3 E:\xampp\htdocs\shogunashwp\wp-includes\class-wp-hook.php(331): WP_Hook->apply_filters('', Array)
#4 E:\xampp\htdocs\shogunashwp\wp-includes\plugin.php(476): WP_Hook->do_action(Array)
#5 E:\xampp\htdocs\shogunashwp\wp-content\plugins\woocommerce\includes\class-wc-ajax.php(90): do_action('wc_ajax_get_ref...')
#6 E:\xampp\htdocs\shogunashwp\wp-includes\class-wp-hook.php(307): WC_AJAX::do_wc_ajax('')
#7 E:\xampp\htdocs\shogunashwp\wp-includes\class-wp-hook.php(331): WP_Hook->apply_filters(false, Array)
#8 E:\xampp\htdocs\shogunashwp\wp-includes\plugin.php(476): WP_Hook->do_action(Array)
#9 E:\xampp\htdocs\shogunashwp\wp-includes\template-loader.php(13): do_action('template_redire...')
#10 E:\xampp\htdocs\shogunashwp\wp-blog-header.php(19): require_once('E:\\xampp\\htdocs...')
#11 E:\xampp\htdocs\shogunashwp\index.php(17): require('E:\\xampp\\htdocs...')
#12 {main}
  thrown in E:\xampp\htdocs\shogunashwp\wp-includes\class-wp-hook.php on line 307

2022-05-25T09:51:23+00:00 CRITICAL Uncaught TypeError: call_user_func_array(): Argument #1 ($function) must be a valid callback, function "misha_add_to_cart_fragment" not found or invalid function name in E:\xampp\htdocs\shogunashwp\wp-includes\class-wp-hook.php:307
Stack trace:
#0 E:\xampp\htdocs\shogunashwp\wp-includes\plugin.php(191): WP_Hook->apply_filters(Array, Array)
#1 E:\xampp\htdocs\shogunashwp\wp-content\plugins\woocommerce\includes\class-wc-ajax.php(191): apply_filters('woocommerce_add...', Array)
#2 E:\xampp\htdocs\shogunashwp\wp-includes\class-wp-hook.php(307): WC_AJAX::get_refreshed_fragments('')
#3 E:\xampp\htdocs\shogunashwp\wp-includes\class-wp-hook.php(331): WP_Hook->apply_filters('', Array)
#4 E:\xampp\htdocs\shogunashwp\wp-includes\plugin.php(476): WP_Hook->do_action(Array)
#5 E:\xampp\htdocs\shogunashwp\wp-content\plugins\woocommerce\includes\class-wc-ajax.php(90): do_action('wc_ajax_get_ref...')
#6 E:\xampp\htdocs\shogunashwp\wp-includes\class-wp-hook.php(307): WC_AJAX::do_wc_ajax('')
#7 E:\xampp\htdocs\shogunashwp\wp-includes\class-wp-hook.php(331): WP_Hook->apply_filters(false, Array)
#8 E:\xampp\htdocs\shogunashwp\wp-includes\plugin.php(476): WP_Hook->do_action(Array)
#9 E:\xampp\htdocs\shogunashwp\wp-includes\template-loader.php(13): do_action('template_redire...')
#10 E:\xampp\htdocs\shogunashwp\wp-blog-header.php(19): require_once('E:\\xampp\\htdocs...')
#11 E:\xampp\htdocs\shogunashwp\index.php(17): require('E:\\xampp\\htdocs...')
#12 {main}
  thrown in E:\xampp\htdocs\shogunashwp\wp-includes\class-wp-hook.php on line 307

2022-05-25T09:51:36+00:00 CRITICAL Uncaught TypeError: call_user_func_array(): Argument #1 ($function) must be a valid callback, function "misha_add_to_cart_fragment" not found or invalid function name in E:\xampp\htdocs\shogunashwp\wp-includes\class-wp-hook.php:307
Stack trace:
#0 E:\xampp\htdocs\shogunashwp\wp-includes\plugin.php(191): WP_Hook->apply_filters(Array, Array)
#1 E:\xampp\htdocs\shogunashwp\wp-content\plugins\woocommerce\includes\class-wc-ajax.php(191): apply_filters('woocommerce_add...', Array)
#2 E:\xampp\htdocs\shogunashwp\wp-includes\class-wp-hook.php(307): WC_AJAX::get_refreshed_fragments('')
#3 E:\xampp\htdocs\shogunashwp\wp-includes\class-wp-hook.php(331): WP_Hook->apply_filters('', Array)
#4 E:\xampp\htdocs\shogunashwp\wp-includes\plugin.php(476): WP_Hook->do_action(Array)
#5 E:\xampp\htdocs\shogunashwp\wp-content\plugins\woocommerce\includes\class-wc-ajax.php(90): do_action('wc_ajax_get_ref...')
#6 E:\xampp\htdocs\shogunashwp\wp-includes\class-wp-hook.php(307): WC_AJAX::do_wc_ajax('')
#7 E:\xampp\htdocs\shogunashwp\wp-includes\class-wp-hook.php(331): WP_Hook->apply_filters(false, Array)
#8 E:\xampp\htdocs\shogunashwp\wp-includes\plugin.php(476): WP_Hook->do_action(Array)
#9 E:\xampp\htdocs\shogunashwp\wp-includes\template-loader.php(13): do_action('template_redire...')
#10 E:\xampp\htdocs\shogunashwp\wp-blog-header.php(19): require_once('E:\\xampp\\htdocs...')
#11 E:\xampp\htdocs\shogunashwp\index.php(17): require('E:\\xampp\\htdocs...')
#12 {main}
  thrown in E:\xampp\htdocs\shogunashwp\wp-includes\class-wp-hook.php on line 307

2022-05-25T09:51:57+00:00 CRITICAL Uncaught TypeError: call_user_func_array(): Argument #1 ($function) must be a valid callback, function "misha_add_to_cart_fragment" not found or invalid function name in E:\xampp\htdocs\shogunashwp\wp-includes\class-wp-hook.php:307
Stack trace:
#0 E:\xampp\htdocs\shogunashwp\wp-includes\plugin.php(191): WP_Hook->apply_filters(Array, Array)
#1 E:\xampp\htdocs\shogunashwp\wp-content\plugins\woocommerce\includes\class-wc-ajax.php(191): apply_filters('woocommerce_add...', Array)
#2 E:\xampp\htdocs\shogunashwp\wp-includes\class-wp-hook.php(307): WC_AJAX::get_refreshed_fragments('')
#3 E:\xampp\htdocs\shogunashwp\wp-includes\class-wp-hook.php(331): WP_Hook->apply_filters('', Array)
#4 E:\xampp\htdocs\shogunashwp\wp-includes\plugin.php(476): WP_Hook->do_action(Array)
#5 E:\xampp\htdocs\shogunashwp\wp-content\plugins\woocommerce\includes\class-wc-ajax.php(90): do_action('wc_ajax_get_ref...')
#6 E:\xampp\htdocs\shogunashwp\wp-includes\class-wp-hook.php(307): WC_AJAX::do_wc_ajax('')
#7 E:\xampp\htdocs\shogunashwp\wp-includes\class-wp-hook.php(331): WP_Hook->apply_filters(false, Array)
#8 E:\xampp\htdocs\shogunashwp\wp-includes\plugin.php(476): WP_Hook->do_action(Array)
#9 E:\xampp\htdocs\shogunashwp\wp-includes\template-loader.php(13): do_action('template_redire...')
#10 E:\xampp\htdocs\shogunashwp\wp-blog-header.php(19): require_once('E:\\xampp\\htdocs...')
#11 E:\xampp\htdocs\shogunashwp\index.php(17): require('E:\\xampp\\htdocs...')
#12 {main}
  thrown in E:\xampp\htdocs\shogunashwp\wp-includes\class-wp-hook.php on line 307

2022-05-25T10:42:07+00:00 CRITICAL Uncaught TypeError: call_user_func_array(): Argument #1 ($function) must be a valid callback, function "misha_add_to_cart_fragment" not found or invalid function name in E:\xampp\htdocs\shogunashwp\wp-includes\class-wp-hook.php:307
Stack trace:
#0 E:\xampp\htdocs\shogunashwp\wp-includes\plugin.php(191): WP_Hook->apply_filters(Array, Array)
#1 E:\xampp\htdocs\shogunashwp\wp-content\plugins\woocommerce\includes\class-wc-ajax.php(191): apply_filters('woocommerce_add...', Array)
#2 E:\xampp\htdocs\shogunashwp\wp-includes\class-wp-hook.php(307): WC_AJAX::get_refreshed_fragments('')
#3 E:\xampp\htdocs\shogunashwp\wp-includes\class-wp-hook.php(331): WP_Hook->apply_filters('', Array)
#4 E:\xampp\htdocs\shogunashwp\wp-includes\plugin.php(476): WP_Hook->do_action(Array)
#5 E:\xampp\htdocs\shogunashwp\wp-content\plugins\woocommerce\includes\class-wc-ajax.php(90): do_action('wc_ajax_get_ref...')
#6 E:\xampp\htdocs\shogunashwp\wp-includes\class-wp-hook.php(307): WC_AJAX::do_wc_ajax('')
#7 E:\xampp\htdocs\shogunashwp\wp-includes\class-wp-hook.php(331): WP_Hook->apply_filters(false, Array)
#8 E:\xampp\htdocs\shogunashwp\wp-includes\plugin.php(476): WP_Hook->do_action(Array)
#9 E:\xampp\htdocs\shogunashwp\wp-includes\template-loader.php(13): do_action('template_redire...')
#10 E:\xampp\htdocs\shogunashwp\wp-blog-header.php(19): require_once('E:\\xampp\\htdocs...')
#11 E:\xampp\htdocs\shogunashwp\index.php(17): require('E:\\xampp\\htdocs...')
#12 {main}
  thrown in E:\xampp\htdocs\shogunashwp\wp-includes\class-wp-hook.php on line 307

2022-05-25T10:51:55+00:00 CRITICAL Uncaught TypeError: call_user_func_array(): Argument #1 ($function) must be a valid callback, function "misha_add_to_cart_fragment" not found or invalid function name in E:\xampp\htdocs\shogunashwp\wp-includes\class-wp-hook.php:307
Stack trace:
#0 E:\xampp\htdocs\shogunashwp\wp-includes\plugin.php(191): WP_Hook->apply_filters(Array, Array)
#1 E:\xampp\htdocs\shogunashwp\wp-content\plugins\woocommerce\includes\class-wc-ajax.php(191): apply_filters('woocommerce_add...', Array)
#2 E:\xampp\htdocs\shogunashwp\wp-includes\class-wp-hook.php(307): WC_AJAX::get_refreshed_fragments('')
#3 E:\xampp\htdocs\shogunashwp\wp-includes\class-wp-hook.php(331): WP_Hook->apply_filters('', Array)
#4 E:\xampp\htdocs\shogunashwp\wp-includes\plugin.php(476): WP_Hook->do_action(Array)
#5 E:\xampp\htdocs\shogunashwp\wp-content\plugins\woocommerce\includes\class-wc-ajax.php(90): do_action('wc_ajax_get_ref...')
#6 E:\xampp\htdocs\shogunashwp\wp-includes\class-wp-hook.php(307): WC_AJAX::do_wc_ajax('')
#7 E:\xampp\htdocs\shogunashwp\wp-includes\class-wp-hook.php(331): WP_Hook->apply_filters(false, Array)
#8 E:\xampp\htdocs\shogunashwp\wp-includes\plugin.php(476): WP_Hook->do_action(Array)
#9 E:\xampp\htdocs\shogunashwp\wp-includes\template-loader.php(13): do_action('template_redire...')
#10 E:\xampp\htdocs\shogunashwp\wp-blog-header.php(19): require_once('E:\\xampp\\htdocs...')
#11 E:\xampp\htdocs\shogunashwp\index.php(17): require('E:\\xampp\\htdocs...')
#12 {main}
  thrown in E:\xampp\htdocs\shogunashwp\wp-includes\class-wp-hook.php on line 307

2022-05-25T10:55:51+00:00 CRITICAL Uncaught TypeError: call_user_func_array(): Argument #1 ($function) must be a valid callback, function "misha_add_to_cart_fragment" not found or invalid function name in E:\xampp\htdocs\shogunashwp\wp-includes\class-wp-hook.php:307
Stack trace:
#0 E:\xampp\htdocs\shogunashwp\wp-includes\plugin.php(191): WP_Hook->apply_filters(Array, Array)
#1 E:\xampp\htdocs\shogunashwp\wp-content\plugins\woocommerce\includes\class-wc-ajax.php(191): apply_filters('woocommerce_add...', Array)
#2 E:\xampp\htdocs\shogunashwp\wp-includes\class-wp-hook.php(307): WC_AJAX::get_refreshed_fragments('')
#3 E:\xampp\htdocs\shogunashwp\wp-includes\class-wp-hook.php(331): WP_Hook->apply_filters('', Array)
#4 E:\xampp\htdocs\shogunashwp\wp-includes\plugin.php(476): WP_Hook->do_action(Array)
#5 E:\xampp\htdocs\shogunashwp\wp-content\plugins\woocommerce\includes\class-wc-ajax.php(90): do_action('wc_ajax_get_ref...')
#6 E:\xampp\htdocs\shogunashwp\wp-includes\class-wp-hook.php(307): WC_AJAX::do_wc_ajax('')
#7 E:\xampp\htdocs\shogunashwp\wp-includes\class-wp-hook.php(331): WP_Hook->apply_filters(false, Array)
#8 E:\xampp\htdocs\shogunashwp\wp-includes\plugin.php(476): WP_Hook->do_action(Array)
#9 E:\xampp\htdocs\shogunashwp\wp-includes\template-loader.php(13): do_action('template_redire...')
#10 E:\xampp\htdocs\shogunashwp\wp-blog-header.php(19): require_once('E:\\xampp\\htdocs...')
#11 E:\xampp\htdocs\shogunashwp\index.php(17): require('E:\\xampp\\htdocs...')
#12 {main}
  thrown in E:\xampp\htdocs\shogunashwp\wp-includes\class-wp-hook.php on line 307

2022-05-25T11:00:22+00:00 CRITICAL Uncaught TypeError: call_user_func_array(): Argument #1 ($function) must be a valid callback, function "misha_add_to_cart_fragment" not found or invalid function name in E:\xampp\htdocs\shogunashwp\wp-includes\class-wp-hook.php:307
Stack trace:
#0 E:\xampp\htdocs\shogunashwp\wp-includes\plugin.php(191): WP_Hook->apply_filters(Array, Array)
#1 E:\xampp\htdocs\shogunashwp\wp-content\plugins\woocommerce\includes\class-wc-ajax.php(191): apply_filters('woocommerce_add...', Array)
#2 E:\xampp\htdocs\shogunashwp\wp-includes\class-wp-hook.php(307): WC_AJAX::get_refreshed_fragments('')
#3 E:\xampp\htdocs\shogunashwp\wp-includes\class-wp-hook.php(331): WP_Hook->apply_filters('', Array)
#4 E:\xampp\htdocs\shogunashwp\wp-includes\plugin.php(476): WP_Hook->do_action(Array)
#5 E:\xampp\htdocs\shogunashwp\wp-content\plugins\woocommerce\includes\class-wc-ajax.php(90): do_action('wc_ajax_get_ref...')
#6 E:\xampp\htdocs\shogunashwp\wp-includes\class-wp-hook.php(307): WC_AJAX::do_wc_ajax('')
#7 E:\xampp\htdocs\shogunashwp\wp-includes\class-wp-hook.php(331): WP_Hook->apply_filters(false, Array)
#8 E:\xampp\htdocs\shogunashwp\wp-includes\plugin.php(476): WP_Hook->do_action(Array)
#9 E:\xampp\htdocs\shogunashwp\wp-includes\template-loader.php(13): do_action('template_redire...')
#10 E:\xampp\htdocs\shogunashwp\wp-blog-header.php(19): require_once('E:\\xampp\\htdocs...')
#11 E:\xampp\htdocs\shogunashwp\index.php(17): require('E:\\xampp\\htdocs...')
#12 {main}
  thrown in E:\xampp\htdocs\shogunashwp\wp-includes\class-wp-hook.php on line 307

2022-05-25T11:00:42+00:00 CRITICAL Uncaught TypeError: call_user_func_array(): Argument #1 ($function) must be a valid callback, function "misha_add_to_cart_fragment" not found or invalid function name in E:\xampp\htdocs\shogunashwp\wp-includes\class-wp-hook.php:307
Stack trace:
#0 E:\xampp\htdocs\shogunashwp\wp-includes\plugin.php(191): WP_Hook->apply_filters(Array, Array)
#1 E:\xampp\htdocs\shogunashwp\wp-content\plugins\woocommerce\includes\class-wc-ajax.php(191): apply_filters('woocommerce_add...', Array)
#2 E:\xampp\htdocs\shogunashwp\wp-includes\class-wp-hook.php(307): WC_AJAX::get_refreshed_fragments('')
#3 E:\xampp\htdocs\shogunashwp\wp-includes\class-wp-hook.php(331): WP_Hook->apply_filters('', Array)
#4 E:\xampp\htdocs\shogunashwp\wp-includes\plugin.php(476): WP_Hook->do_action(Array)
#5 E:\xampp\htdocs\shogunashwp\wp-content\plugins\woocommerce\includes\class-wc-ajax.php(90): do_action('wc_ajax_get_ref...')
#6 E:\xampp\htdocs\shogunashwp\wp-includes\class-wp-hook.php(307): WC_AJAX::do_wc_ajax('')
#7 E:\xampp\htdocs\shogunashwp\wp-includes\class-wp-hook.php(331): WP_Hook->apply_filters(false, Array)
#8 E:\xampp\htdocs\shogunashwp\wp-includes\plugin.php(476): WP_Hook->do_action(Array)
#9 E:\xampp\htdocs\shogunashwp\wp-includes\template-loader.php(13): do_action('template_redire...')
#10 E:\xampp\htdocs\shogunashwp\wp-blog-header.php(19): require_once('E:\\xampp\\htdocs...')
#11 E:\xampp\htdocs\shogunashwp\index.php(17): require('E:\\xampp\\htdocs...')
#12 {main}
  thrown in E:\xampp\htdocs\shogunashwp\wp-includes\class-wp-hook.php on line 307

2022-05-25T11:03:50+00:00 CRITICAL Uncaught TypeError: call_user_func_array(): Argument #1 ($function) must be a valid callback, function "misha_add_to_cart_fragment" not found or invalid function name in E:\xampp\htdocs\shogunashwp\wp-includes\class-wp-hook.php:307
Stack trace:
#0 E:\xampp\htdocs\shogunashwp\wp-includes\plugin.php(191): WP_Hook->apply_filters(Array, Array)
#1 E:\xampp\htdocs\shogunashwp\wp-content\plugins\woocommerce\includes\class-wc-ajax.php(191): apply_filters('woocommerce_add...', Array)
#2 E:\xampp\htdocs\shogunashwp\wp-includes\class-wp-hook.php(307): WC_AJAX::get_refreshed_fragments('')
#3 E:\xampp\htdocs\shogunashwp\wp-includes\class-wp-hook.php(331): WP_Hook->apply_filters('', Array)
#4 E:\xampp\htdocs\shogunashwp\wp-includes\plugin.php(476): WP_Hook->do_action(Array)
#5 E:\xampp\htdocs\shogunashwp\wp-content\plugins\woocommerce\includes\class-wc-ajax.php(90): do_action('wc_ajax_get_ref...')
#6 E:\xampp\htdocs\shogunashwp\wp-includes\class-wp-hook.php(307): WC_AJAX::do_wc_ajax('')
#7 E:\xampp\htdocs\shogunashwp\wp-includes\class-wp-hook.php(331): WP_Hook->apply_filters(false, Array)
#8 E:\xampp\htdocs\shogunashwp\wp-includes\plugin.php(476): WP_Hook->do_action(Array)
#9 E:\xampp\htdocs\shogunashwp\wp-includes\template-loader.php(13): do_action('template_redire...')
#10 E:\xampp\htdocs\shogunashwp\wp-blog-header.php(19): require_once('E:\\xampp\\htdocs...')
#11 E:\xampp\htdocs\shogunashwp\index.php(17): require('E:\\xampp\\htdocs...')
#12 {main}
  thrown in E:\xampp\htdocs\shogunashwp\wp-includes\class-wp-hook.php on line 307

2022-05-25T11:05:09+00:00 CRITICAL Uncaught TypeError: call_user_func_array(): Argument #1 ($function) must be a valid callback, function "misha_add_to_cart_fragment" not found or invalid function name in E:\xampp\htdocs\shogunashwp\wp-includes\class-wp-hook.php:307
Stack trace:
#0 E:\xampp\htdocs\shogunashwp\wp-includes\plugin.php(191): WP_Hook->apply_filters(Array, Array)
#1 E:\xampp\htdocs\shogunashwp\wp-content\plugins\woocommerce\includes\class-wc-ajax.php(191): apply_filters('woocommerce_add...', Array)
#2 E:\xampp\htdocs\shogunashwp\wp-includes\class-wp-hook.php(307): WC_AJAX::get_refreshed_fragments('')
#3 E:\xampp\htdocs\shogunashwp\wp-includes\class-wp-hook.php(331): WP_Hook->apply_filters('', Array)
#4 E:\xampp\htdocs\shogunashwp\wp-includes\plugin.php(476): WP_Hook->do_action(Array)
#5 E:\xampp\htdocs\shogunashwp\wp-content\plugins\woocommerce\includes\class-wc-ajax.php(90): do_action('wc_ajax_get_ref...')
#6 E:\xampp\htdocs\shogunashwp\wp-includes\class-wp-hook.php(307): WC_AJAX::do_wc_ajax('')
#7 E:\xampp\htdocs\shogunashwp\wp-includes\class-wp-hook.php(331): WP_Hook->apply_filters(false, Array)
#8 E:\xampp\htdocs\shogunashwp\wp-includes\plugin.php(476): WP_Hook->do_action(Array)
#9 E:\xampp\htdocs\shogunashwp\wp-includes\template-loader.php(13): do_action('template_redire...')
#10 E:\xampp\htdocs\shogunashwp\wp-blog-header.php(19): require_once('E:\\xampp\\htdocs...')
#11 E:\xampp\htdocs\shogunashwp\index.php(17): require('E:\\xampp\\htdocs...')
#12 {main}
  thrown in E:\xampp\htdocs\shogunashwp\wp-includes\class-wp-hook.php on line 307

